<?xml version="1.0" encoding="UTF-8"?>
<!-- Generated by org.testng.reporters.JUnitReportReporter -->
<testsuite skipped="0" hostname="Abhinav" name="assingment1.AmazonTest" tests="1" failures="0" timestamp="16 Jan 2020 11:10:45 GMT" time="154.688" errors="0">
  <testcase name="comparePriceAmazonFlipkartTest" time="154.688" classname="assingment1.AmazonTest"/>
</testsuite> <!-- assingment1.AmazonTest -->
