<?xml version="1.0" encoding="UTF-8"?>
<!-- Generated by org.testng.reporters.JUnitReportReporter -->
<testsuite skipped="0" hostname="Abhinav" name="assingment2.TripAdvisiorTest" tests="1" failures="0" timestamp="16 Jan 2020 11:13:47 GMT" time="130.203" errors="0">
  <testcase name="ratingsAndReviewTest" time="130.203" classname="assingment2.TripAdvisiorTest"/>
</testsuite> <!-- assingment2.TripAdvisiorTest -->
